<?xml version="1.0" encoding="UTF-8"?>
<!-- Generated by org.testng.reporters.JUnitReportReporter -->
<testsuite hostname="Mohona2" failures="0" tests="1" name="com.geico.qa.testcases.CustomerInformationPageTest" time="32.098" errors="0" timestamp="2020-04-09T18:44:31 EDT" skipped="0">
  <testcase classname="com.geico.qa.testcases.CustomerInformationPageTest" name="verifyAddressTest" time="32.098"/>
</testsuite> <!-- com.geico.qa.testcases.CustomerInformationPageTest -->
