<?xml version="1.0" encoding="UTF-8"?>
<!-- Generated by org.testng.reporters.JUnitReportReporter -->
<testsuite hostname="Mohona2" failures="0" tests="8" name="com.geico.qa.testcases.LandingPageTest" time="75.223" errors="0" timestamp="2020-02-22T20:12:47 EST" skipped="0">
  <testcase classname="com.geico.qa.testcases.LandingPageTest" name="verifyLandingPageTitleTest" time="9.046"/>
  <testcase classname="com.geico.qa.testcases.LandingPageTest" name="verifySection1HeaderTextTest" time="8.189"/>
  <testcase classname="com.geico.qa.testcases.LandingPageTest" name="verifyAutoTextBoxOptionTest" time="8.383"/>
  <testcase classname="com.geico.qa.testcases.LandingPageTest" name="verifyEnterZipCodeWithCatagoryTestFromExcelTest" time="9.598"/>
  <testcase classname="com.geico.qa.testcases.LandingPageTest" name="verifyEnterZipCodeWithCatagoryTestFromExcelTest" time="8.535"/>
  <testcase classname="com.geico.qa.testcases.LandingPageTest" name="verifyEnterZipCodeWithCatagoryTestFromExcelTest" time="8.496"/>
  <testcase classname="com.geico.qa.testcases.LandingPageTest" name="verifyEnterZipCodeWithCatagoryTestFromExcelTest" time="9.042"/>
  <testcase classname="com.geico.qa.testcases.LandingPageTest" name="verifyStartQuoteTest" time="13.934"/>
</testsuite> <!-- com.geico.qa.testcases.LandingPageTest -->
